<?xml version="1.0" encoding="UTF-8"?>
<testng-results ignored="0" total="3" passed="3" failed="0" skipped="0">
  <reporter-output>
  </reporter-output>
  <suite started-at="2024-08-01T16:31:57 IST" name="Default suite" finished-at="2024-08-01T16:33:24 IST" duration-ms="86858">
    <groups>
    </groups>
    <test started-at="2024-08-01T16:31:57 IST" name="Default test" finished-at="2024-08-01T16:33:24 IST" duration-ms="86858">
      <class name="testSample">
        <test-method signature="GoogleTest(java.lang.String)[pri:0, instance:testSample@a1153bc]" started-at="2024-08-01T16:32:00 IST" name="GoogleTest" data-provider="GoogleData" finished-at="2024-08-01T16:32:28 IST" duration-ms="27988" status="PASS">
          <params>
            <param index="0">
              <value>
                <![CDATA[Mohanlal]]>
              </value>
            </param>
          </params>
          <reporter-output>
          </reporter-output>
        </test-method> <!-- GoogleTest -->
        <test-method signature="GoogleTest(java.lang.String)[pri:0, instance:testSample@a1153bc]" started-at="2024-08-01T16:32:28 IST" name="GoogleTest" data-provider="GoogleData" finished-at="2024-08-01T16:32:54 IST" duration-ms="25312" status="PASS">
          <params>
            <param index="0">
              <value>
                <![CDATA[Mammootty]]>
              </value>
            </param>
          </params>
          <reporter-output>
          </reporter-output>
        </test-method> <!-- GoogleTest -->
        <test-method signature="GoogleTest(java.lang.String)[pri:0, instance:testSample@a1153bc]" started-at="2024-08-01T16:32:54 IST" name="GoogleTest" data-provider="GoogleData" finished-at="2024-08-01T16:33:24 IST" duration-ms="29851" status="PASS">
          <params>
            <param index="0">
              <value>
                <![CDATA[Tovino]]>
              </value>
            </param>
          </params>
          <reporter-output>
          </reporter-output>
        </test-method> <!-- GoogleTest -->
      </class> <!-- testSample -->
    </test> <!-- Default test -->
  </suite> <!-- Default suite -->
</testng-results>
